# JRE version: Java(TM) SE Runtime Environment (9.0+11) (build 9.0.4+11)
# Java VM: Java HotSpot(TM) 64-Bit Server VM (9.0.4+11, mixed mode, tiered, compressed oops, g1 gc, linux-amd64)
Heap:
 garbage-first heap   total 1155072K, used 22860K [0x0000000649e00000, 0x0000000649f02340, 0x00000007c0000000)
  region size 1024K, 14 young (14336K), 14 survivors (14336K)
 Metaspace       used 33253K, capacity 35734K, committed 35888K, reserved 1081344K
  class space    used 4178K, capacity 4589K, committed 4656K, reserved 1048576K
GC Heap History (7 events):
Event: 0,674 GC heap before
{Heap before GC invocations=0 (full 0):
 garbage-first heap   total 385024K, used 25600K [0x0000000649e00000, 0x0000000649f00bc0, 0x00000007c0000000)
  region size 1024K, 24 young (24576K), 0 survivors (0K)
 Metaspace       used 12054K, capacity 12590K, committed 12672K, reserved 1060864K
  class space    used 1274K, capacity 1383K, committed 1408K, reserved 1048576K
}
Event: 0,679 GC heap after
{Heap after GC invocations=1 (full 0):
 garbage-first heap   total 385024K, used 6920K [0x0000000649e00000, 0x0000000649f00bc0, 0x00000007c0000000)
  region size 1024K, 3 young (3072K), 3 survivors (3072K)
 Metaspace       used 12054K, capacity 12590K, committed 12672K, reserved 1060864K
  class space    used 1274K, capacity 1383K, committed 1408K, reserved 1048576K
}
Event: 1,088 GC heap before
{Heap before GC invocations=1 (full 0):
 garbage-first heap   total 385024K, used 78600K [0x0000000649e00000, 0x0000000649f00bc0, 0x00000007c0000000)
  region size 1024K, 74 young (75776K), 3 survivors (3072K)
 Metaspace       used 20165K, capacity 21194K, committed 21296K, reserved 1069056K
  class space    used 2401K, capacity 2597K, committed 2608K, reserved 1048576K
}
Event: 1,100 GC heap after
{Heap after GC invocations=2 (full 0):
 garbage-first heap   total 385024K, used 14326K [0x0000000649e00000, 0x0000000649f00bc0, 0x00000007c0000000)
  region size 1024K, 11 young (11264K), 11 survivors (11264K)
 Metaspace       used 20165K, capacity 21194K, committed 21296K, reserved 1069056K
  class space    used 2401K, capacity 2597K, committed 2608K, reserved 1048576K
}
Event: 1,557 GC heap before
{Heap before GC invocations=3 (full 0):
 garbage-first heap   total 385024K, used 90102K [0x0000000649e00000, 0x0000000649f00bc0, 0x00000007c0000000)
  region size 1024K, 85 young (87040K), 11 survivors (11264K)
 Metaspace       used 27330K, capacity 29000K, committed 29104K, reserved 1075200K
  class space    used 3328K, capacity 3660K, committed 3760K, reserved 1048576K
}
Event: 1,583 GC heap after
{Heap after GC invocations=4 (full 0):
 garbage-first heap   total 385024K, used 18362K [0x0000000649e00000, 0x0000000649f00bc0, 0x00000007c0000000)
  region size 1024K, 9 young (9216K), 9 survivors (9216K)
 Metaspace       used 27330K, capacity 29000K, committed 29104K, reserved 1075200K
  class space    used 3328K, capacity 3660K, committed 3760K, reserved 1048576K
}
Event: 3,174 GC heap before
{Heap before GC invocations=4 (full 0):
 garbage-first heap   total 385024K, used 152506K [0x0000000649e00000, 0x0000000649f00bc0, 0x00000007c0000000)
  region size 1024K, 141 young (144384K), 9 survivors (9216K)
 Metaspace       used 33253K, capacity 35734K, committed 35888K, reserved 1081344K
  class space    used 4178K, capacity 4589K, committed 4656K, reserved 1048576K
}

