# JRE version: Java(TM) SE Runtime Environment (9.0+11) (build 9.0.4+11)
# Java VM: Java HotSpot(TM) 64-Bit Server VM (9.0.4+11, mixed mode, tiered, compressed oops, g1 gc, linux-amd64)
Heap:
 garbage-first heap   total 1155072K, used 23822K [0x0000000649e00000, 0x0000000649f02340, 0x00000007c0000000)
  region size 1024K, 14 young (14336K), 14 survivors (14336K)
 Metaspace       used 33269K, capacity 35762K, committed 35888K, reserved 1081344K
  class space    used 4184K, capacity 4597K, committed 4656K, reserved 1048576K
GC Heap History (7 events):
Event: 0,678 GC heap before
{Heap before GC invocations=0 (full 0):
 garbage-first heap   total 385024K, used 25600K [0x0000000649e00000, 0x0000000649f00bc0, 0x00000007c0000000)
  region size 1024K, 24 young (24576K), 0 survivors (0K)
 Metaspace       used 11861K, capacity 12366K, committed 12672K, reserved 1060864K
  class space    used 1249K, capacity 1351K, committed 1408K, reserved 1048576K
}
Event: 0,686 GC heap after
{Heap after GC invocations=1 (full 0):
 garbage-first heap   total 385024K, used 7356K [0x0000000649e00000, 0x0000000649f00bc0, 0x00000007c0000000)
  region size 1024K, 3 young (3072K), 3 survivors (3072K)
 Metaspace       used 11861K, capacity 12366K, committed 12672K, reserved 1060864K
  class space    used 1249K, capacity 1351K, committed 1408K, reserved 1048576K
}
Event: 1,158 GC heap before
{Heap before GC invocations=1 (full 0):
 garbage-first heap   total 385024K, used 84156K [0x0000000649e00000, 0x0000000649f00bc0, 0x00000007c0000000)
  region size 1024K, 79 young (80896K), 3 survivors (3072K)
 Metaspace       used 20152K, capacity 21194K, committed 21296K, reserved 1069056K
  class space    used 2393K, capacity 2597K, committed 2608K, reserved 1048576K
}
Event: 1,170 GC heap after
{Heap after GC invocations=2 (full 0):
 garbage-first heap   total 385024K, used 15195K [0x0000000649e00000, 0x0000000649f00bc0, 0x00000007c0000000)
  region size 1024K, 11 young (11264K), 11 survivors (11264K)
 Metaspace       used 20152K, capacity 21194K, committed 21296K, reserved 1069056K
  class space    used 2393K, capacity 2597K, committed 2608K, reserved 1048576K
}
Event: 1,680 GC heap before
{Heap before GC invocations=3 (full 0):
 garbage-first heap   total 385024K, used 93855K [0x0000000649e00000, 0x0000000649f00bc0, 0x00000007c0000000)
  region size 1024K, 88 young (90112K), 11 survivors (11264K)
 Metaspace       used 27301K, capacity 29002K, committed 29104K, reserved 1075200K
  class space    used 3321K, capacity 3661K, committed 3760K, reserved 1048576K
}
Event: 1,718 GC heap after
{Heap after GC invocations=4 (full 0):
 garbage-first heap   total 385024K, used 18981K [0x0000000649e00000, 0x0000000649f00bc0, 0x00000007c0000000)
  region size 1024K, 10 young (10240K), 10 survivors (10240K)
 Metaspace       used 27301K, capacity 29002K, committed 29104K, reserved 1075200K
  class space    used 3321K, capacity 3661K, committed 3760K, reserved 1048576K
}
Event: 2,780 GC heap before
{Heap before GC invocations=4 (full 0):
 garbage-first heap   total 385024K, used 155173K [0x0000000649e00000, 0x0000000649f00bc0, 0x00000007c0000000)
  region size 1024K, 144 young (147456K), 10 survivors (10240K)
 Metaspace       used 33269K, capacity 35762K, committed 35888K, reserved 1081344K
  class space    used 4184K, capacity 4597K, committed 4656K, reserved 1048576K
}

