# JRE version: Java(TM) SE Runtime Environment (9.0+11) (build 9.0.4+11)
# Java VM: Java HotSpot(TM) 64-Bit Server VM (9.0.4+11, mixed mode, tiered, compressed oops, g1 gc, linux-amd64)
Heap:
 garbage-first heap   total 1155072K, used 23096K [0x0000000649e00000, 0x0000000649f02340, 0x00000007c0000000)
  region size 1024K, 16 young (16384K), 16 survivors (16384K)
 Metaspace       used 33432K, capacity 35698K, committed 35888K, reserved 1081344K
  class space    used 4132K, capacity 4537K, committed 4656K, reserved 1048576K
GC Heap History (7 events):
Event: 0,600 GC heap before
{Heap before GC invocations=0 (full 0):
 garbage-first heap   total 385024K, used 24576K [0x0000000649e00000, 0x0000000649f00bc0, 0x00000007c0000000)
  region size 1024K, 24 young (24576K), 0 survivors (0K)
 Metaspace       used 12494K, capacity 13006K, committed 13312K, reserved 1060864K
  class space    used 1323K, capacity 1415K, committed 1536K, reserved 1048576K
}
Event: 0,606 GC heap after
{Heap after GC invocations=1 (full 0):
 garbage-first heap   total 385024K, used 5349K [0x0000000649e00000, 0x0000000649f00bc0, 0x00000007c0000000)
  region size 1024K, 3 young (3072K), 3 survivors (3072K)
 Metaspace       used 12494K, capacity 13006K, committed 13312K, reserved 1060864K
  class space    used 1323K, capacity 1415K, committed 1536K, reserved 1048576K
}
Event: 1,007 GC heap before
{Heap before GC invocations=1 (full 0):
 garbage-first heap   total 385024K, used 69861K [0x0000000649e00000, 0x0000000649f00bc0, 0x00000007c0000000)
  region size 1024K, 67 young (68608K), 3 survivors (3072K)
 Metaspace       used 20192K, capacity 21190K, committed 21296K, reserved 1069056K
  class space    used 2382K, capacity 2595K, committed 2608K, reserved 1048576K
}
Event: 1,018 GC heap after
{Heap after GC invocations=2 (full 0):
 garbage-first heap   total 385024K, used 12516K [0x0000000649e00000, 0x0000000649f00bc0, 0x00000007c0000000)
  region size 1024K, 10 young (10240K), 10 survivors (10240K)
 Metaspace       used 20192K, capacity 21190K, committed 21296K, reserved 1069056K
  class space    used 2382K, capacity 2595K, committed 2608K, reserved 1048576K
}
Event: 1,574 GC heap before
{Heap before GC invocations=3 (full 0):
 garbage-first heap   total 385024K, used 83967K [0x0000000649e00000, 0x0000000649f00bc0, 0x00000007c0000000)
  region size 1024K, 80 young (81920K), 10 survivors (10240K)
 Metaspace       used 27172K, capacity 28800K, committed 28976K, reserved 1075200K
  class space    used 3304K, capacity 3622K, committed 3632K, reserved 1048576K
}
Event: 1,586 GC heap after
{Heap after GC invocations=4 (full 0):
 garbage-first heap   total 385024K, used 16314K [0x0000000649e00000, 0x0000000649f00bc0, 0x00000007c0000000)
  region size 1024K, 9 young (9216K), 9 survivors (9216K)
 Metaspace       used 27172K, capacity 28800K, committed 28976K, reserved 1075200K
  class space    used 3304K, capacity 3622K, committed 3632K, reserved 1048576K
}
Event: 2,346 GC heap before
{Heap before GC invocations=4 (full 0):
 garbage-first heap   total 385024K, used 94138K [0x0000000649e00000, 0x0000000649f00bc0, 0x00000007c0000000)
  region size 1024K, 86 young (88064K), 9 survivors (9216K)
 Metaspace       used 33432K, capacity 35698K, committed 35888K, reserved 1081344K
  class space    used 4132K, capacity 4537K, committed 4656K, reserved 1048576K
}

