# JRE version: Java(TM) SE Runtime Environment (9.0+11) (build 9.0.4+11)
# Java VM: Java HotSpot(TM) 64-Bit Server VM (9.0.4+11, mixed mode, tiered, compressed oops, g1 gc, linux-amd64)
Heap:
 garbage-first heap   total 1155072K, used 20640K [0x0000000649e00000, 0x0000000649f02340, 0x00000007c0000000)
  region size 1024K, 6 young (6144K), 6 survivors (6144K)
 Metaspace       used 29108K, capacity 30911K, committed 31152K, reserved 1077248K
  class space    used 3596K, capacity 3941K, committed 4016K, reserved 1048576K
GC Heap History (7 events):
Event: 0,796 GC heap before
{Heap before GC invocations=0 (full 0):
 garbage-first heap   total 385024K, used 25600K [0x0000000649e00000, 0x0000000649f00bc0, 0x00000007c0000000)
  region size 1024K, 24 young (24576K), 0 survivors (0K)
 Metaspace       used 11863K, capacity 12366K, committed 12672K, reserved 1060864K
  class space    used 1250K, capacity 1351K, committed 1408K, reserved 1048576K
}
Event: 0,821 GC heap after
{Heap after GC invocations=1 (full 0):
 garbage-first heap   total 385024K, used 7919K [0x0000000649e00000, 0x0000000649f00bc0, 0x00000007c0000000)
  region size 1024K, 3 young (3072K), 3 survivors (3072K)
 Metaspace       used 11863K, capacity 12366K, committed 12672K, reserved 1060864K
  class space    used 1250K, capacity 1351K, committed 1408K, reserved 1048576K
}
Event: 1,478 GC heap before
{Heap before GC invocations=1 (full 0):
 garbage-first heap   total 385024K, used 91887K [0x0000000649e00000, 0x0000000649f00bc0, 0x00000007c0000000)
  region size 1024K, 86 young (88064K), 3 survivors (3072K)
 Metaspace       used 20212K, capacity 21259K, committed 21296K, reserved 1069056K
  class space    used 2394K, capacity 2595K, committed 2608K, reserved 1048576K
}
Event: 1,522 GC heap after
{Heap after GC invocations=2 (full 0):
 garbage-first heap   total 385024K, used 15851K [0x0000000649e00000, 0x0000000649f00bc0, 0x00000007c0000000)
  region size 1024K, 11 young (11264K), 11 survivors (11264K)
 Metaspace       used 20212K, capacity 21259K, committed 21296K, reserved 1069056K
  class space    used 2394K, capacity 2595K, committed 2608K, reserved 1048576K
}
Event: 2,237 GC heap before
{Heap before GC invocations=3 (full 0):
 garbage-first heap   total 385024K, used 100843K [0x0000000649e00000, 0x0000000649f00bc0, 0x00000007c0000000)
  region size 1024K, 94 young (96256K), 11 survivors (11264K)
 Metaspace       used 27119K, capacity 28733K, committed 28976K, reserved 1075200K
  class space    used 3303K, capacity 3594K, committed 3632K, reserved 1048576K
}
Event: 2,306 GC heap after
{Heap after GC invocations=4 (full 0):
 garbage-first heap   total 385024K, used 19694K [0x0000000649e00000, 0x0000000649f00bc0, 0x00000007c0000000)
  region size 1024K, 9 young (9216K), 9 survivors (9216K)
 Metaspace       used 27119K, capacity 28733K, committed 28976K, reserved 1075200K
  class space    used 3303K, capacity 3594K, committed 3632K, reserved 1048576K
}
Event: 2,822 GC heap before
{Heap before GC invocations=4 (full 0):
 garbage-first heap   total 385024K, used 104686K [0x0000000649e00000, 0x0000000649f00bc0, 0x00000007c0000000)
  region size 1024K, 92 young (94208K), 9 survivors (9216K)
 Metaspace       used 29108K, capacity 30911K, committed 31152K, reserved 1077248K
  class space    used 3596K, capacity 3941K, committed 4016K, reserved 1048576K
}

