# JRE version: Java(TM) SE Runtime Environment (9.0+11) (build 9.0.4+11)
# Java VM: Java HotSpot(TM) 64-Bit Server VM (9.0.4+11, mixed mode, tiered, compressed oops, g1 gc, linux-amd64)
Heap:
 garbage-first heap   total 1155072K, used 10966K [0x0000000649e00000, 0x0000000649f02340, 0x00000007c0000000)
  region size 1024K, 4 young (4096K), 4 survivors (4096K)
 Metaspace       used 20043K, capacity 21160K, committed 21296K, reserved 1069056K
  class space    used 2377K, capacity 2616K, committed 2688K, reserved 1048576K
GC Heap History (7 events):
Event: 0,612 GC heap before
{Heap before GC invocations=0 (full 0):
 garbage-first heap   total 385024K, used 25600K [0x0000000649e00000, 0x0000000649f00bc0, 0x00000007c0000000)
  region size 1024K, 24 young (24576K), 0 survivors (0K)
 Metaspace       used 11928K, capacity 12430K, committed 12672K, reserved 1060864K
  class space    used 1261K, capacity 1351K, committed 1408K, reserved 1048576K
}
Event: 0,618 GC heap after
{Heap after GC invocations=1 (full 0):
 garbage-first heap   total 385024K, used 7311K [0x0000000649e00000, 0x0000000649f00bc0, 0x00000007c0000000)
  region size 1024K, 3 young (3072K), 3 survivors (3072K)
 Metaspace       used 11928K, capacity 12430K, committed 12672K, reserved 1060864K
  class space    used 1261K, capacity 1351K, committed 1408K, reserved 1048576K
}
Event: 0,818 GC heap before
{Heap before GC invocations=1 (full 0):
 garbage-first heap   total 385024K, used 29839K [0x0000000649e00000, 0x0000000649f00bc0, 0x00000007c0000000)
  region size 1024K, 25 young (25600K), 3 survivors (3072K)
 Metaspace       used 15069K, capacity 15760K, committed 15872K, reserved 1062912K
  class space    used 1625K, capacity 1774K, committed 1792K, reserved 1048576K
}
Event: 0,823 GC heap after
{Heap after GC invocations=2 (full 0):
 garbage-first heap   total 385024K, used 10159K [0x0000000649e00000, 0x0000000649f00bc0, 0x00000007c0000000)
  region size 1024K, 3 young (3072K), 3 survivors (3072K)
 Metaspace       used 15069K, capacity 15760K, committed 15872K, reserved 1062912K
  class space    used 1625K, capacity 1774K, committed 1792K, reserved 1048576K
}
Event: 1,046 GC heap before
{Heap before GC invocations=2 (full 0):
 garbage-first heap   total 385024K, used 61359K [0x0000000649e00000, 0x0000000649f00bc0, 0x00000007c0000000)
  region size 1024K, 53 young (54272K), 3 survivors (3072K)
 Metaspace       used 19586K, capacity 20624K, committed 20736K, reserved 1067008K
  class space    used 2316K, capacity 2494K, committed 2560K, reserved 1048576K
}
Event: 1,078 GC heap after
{Heap after GC invocations=3 (full 0):
 garbage-first heap   total 385024K, used 13050K [0x0000000649e00000, 0x0000000649f00bc0, 0x00000007c0000000)
  region size 1024K, 6 young (6144K), 6 survivors (6144K)
 Metaspace       used 19586K, capacity 20624K, committed 20736K, reserved 1067008K
  class space    used 2316K, capacity 2494K, committed 2560K, reserved 1048576K
}
Event: 1,097 GC heap before
{Heap before GC invocations=3 (full 0):
 garbage-first heap   total 385024K, used 19194K [0x0000000649e00000, 0x0000000649f00bc0, 0x00000007c0000000)
  region size 1024K, 13 young (13312K), 6 survivors (6144K)
 Metaspace       used 20043K, capacity 21160K, committed 21296K, reserved 1069056K
  class space    used 2377K, capacity 2616K, committed 2688K, reserved 1048576K
}

