# JRE version: Java(TM) SE Runtime Environment (9.0+11) (build 9.0.4+11)
# Java VM: Java HotSpot(TM) 64-Bit Server VM (9.0.4+11, mixed mode, tiered, compressed oops, g1 gc, linux-amd64)
Heap:
 garbage-first heap   total 1155072K, used 18042K [0x0000000649e00000, 0x0000000649f02340, 0x00000007c0000000)
  region size 1024K, 5 young (5120K), 5 survivors (5120K)
 Metaspace       used 28456K, capacity 30264K, committed 30464K, reserved 1075200K
  class space    used 3485K, capacity 3836K, committed 3840K, reserved 1048576K
GC Heap History (7 events):
Event: 0,838 GC heap before
{Heap before GC invocations=0 (full 0):
 garbage-first heap   total 385024K, used 25600K [0x0000000649e00000, 0x0000000649f00bc0, 0x00000007c0000000)
  region size 1024K, 24 young (24576K), 0 survivors (0K)
 Metaspace       used 11994K, capacity 12526K, committed 12672K, reserved 1060864K
  class space    used 1270K, capacity 1383K, committed 1408K, reserved 1048576K
}
Event: 0,860 GC heap after
{Heap after GC invocations=1 (full 0):
 garbage-first heap   total 385024K, used 7486K [0x0000000649e00000, 0x0000000649f00bc0, 0x00000007c0000000)
  region size 1024K, 3 young (3072K), 3 survivors (3072K)
 Metaspace       used 11994K, capacity 12526K, committed 12672K, reserved 1060864K
  class space    used 1270K, capacity 1383K, committed 1408K, reserved 1048576K
}
Event: 1,333 GC heap before
{Heap before GC invocations=1 (full 0):
 garbage-first heap   total 385024K, used 77118K [0x0000000649e00000, 0x0000000649f00bc0, 0x00000007c0000000)
  region size 1024K, 72 young (73728K), 3 survivors (3072K)
 Metaspace       used 20030K, capacity 21190K, committed 21296K, reserved 1069056K
  class space    used 2401K, capacity 2631K, committed 2688K, reserved 1048576K
}
Event: 1,355 GC heap after
{Heap after GC invocations=2 (full 0):
 garbage-first heap   total 385024K, used 14538K [0x0000000649e00000, 0x0000000649f00bc0, 0x00000007c0000000)
  region size 1024K, 10 young (10240K), 10 survivors (10240K)
 Metaspace       used 20030K, capacity 21190K, committed 21296K, reserved 1069056K
  class space    used 2401K, capacity 2631K, committed 2688K, reserved 1048576K
}
Event: 1,942 GC heap before
{Heap before GC invocations=3 (full 0):
 garbage-first heap   total 385024K, used 80779K [0x0000000649e00000, 0x0000000649f00bc0, 0x00000007c0000000)
  region size 1024K, 75 young (76800K), 10 survivors (10240K)
 Metaspace       used 26488K, capacity 28158K, committed 28416K, reserved 1075200K
  class space    used 3205K, capacity 3517K, committed 3584K, reserved 1048576K
}
Event: 1,963 GC heap after
{Heap after GC invocations=4 (full 0):
 garbage-first heap   total 385024K, used 17765K [0x0000000649e00000, 0x0000000649f00bc0, 0x00000007c0000000)
  region size 1024K, 8 young (8192K), 8 survivors (8192K)
 Metaspace       used 26488K, capacity 28158K, committed 28416K, reserved 1075200K
  class space    used 3205K, capacity 3517K, committed 3584K, reserved 1048576K
}
Event: 2,583 GC heap before
{Heap before GC invocations=4 (full 0):
 garbage-first heap   total 385024K, used 99685K [0x0000000649e00000, 0x0000000649f00bc0, 0x00000007c0000000)
  region size 1024K, 88 young (90112K), 8 survivors (8192K)
 Metaspace       used 28456K, capacity 30264K, committed 30464K, reserved 1075200K
  class space    used 3485K, capacity 3836K, committed 3840K, reserved 1048576K
}

