# JRE version: Java(TM) SE Runtime Environment (9.0+11) (build 9.0.4+11)
# Java VM: Java HotSpot(TM) 64-Bit Server VM (9.0.4+11, mixed mode, tiered, compressed oops, g1 gc, linux-amd64)
Heap:
 garbage-first heap   total 1155072K, used 19319K [0x0000000649e00000, 0x0000000649f02340, 0x00000007c0000000)
  region size 1024K, 6 young (6144K), 6 survivors (6144K)
 Metaspace       used 29336K, capacity 31319K, committed 31408K, reserved 1077248K
  class space    used 3626K, capacity 4007K, committed 4016K, reserved 1048576K
GC Heap History (7 events):
Event: 0,510 GC heap before
{Heap before GC invocations=0 (full 0):
 garbage-first heap   total 385024K, used 25600K [0x0000000649e00000, 0x0000000649f00bc0, 0x00000007c0000000)
  region size 1024K, 24 young (24576K), 0 survivors (0K)
 Metaspace       used 11934K, capacity 12430K, committed 12672K, reserved 1060864K
  class space    used 1262K, capacity 1351K, committed 1408K, reserved 1048576K
}
Event: 0,516 GC heap after
{Heap after GC invocations=1 (full 0):
 garbage-first heap   total 385024K, used 7282K [0x0000000649e00000, 0x0000000649f00bc0, 0x00000007c0000000)
  region size 1024K, 3 young (3072K), 3 survivors (3072K)
 Metaspace       used 11934K, capacity 12430K, committed 12672K, reserved 1060864K
  class space    used 1262K, capacity 1351K, committed 1408K, reserved 1048576K
}
Event: 0,958 GC heap before
{Heap before GC invocations=1 (full 0):
 garbage-first heap   total 385024K, used 87154K [0x0000000649e00000, 0x0000000649f00bc0, 0x00000007c0000000)
  region size 1024K, 82 young (83968K), 3 survivors (3072K)
 Metaspace       used 20223K, capacity 21259K, committed 21296K, reserved 1069056K
  class space    used 2398K, capacity 2595K, committed 2608K, reserved 1048576K
}
Event: 0,985 GC heap after
{Heap after GC invocations=2 (full 0):
 garbage-first heap   total 385024K, used 15217K [0x0000000649e00000, 0x0000000649f00bc0, 0x00000007c0000000)
  region size 1024K, 11 young (11264K), 11 survivors (11264K)
 Metaspace       used 20223K, capacity 21259K, committed 21296K, reserved 1069056K
  class space    used 2398K, capacity 2595K, committed 2608K, reserved 1048576K
}
Event: 1,565 GC heap before
{Heap before GC invocations=3 (full 0):
 garbage-first heap   total 385024K, used 84734K [0x0000000649e00000, 0x0000000649f00bc0, 0x00000007c0000000)
  region size 1024K, 79 young (80896K), 11 survivors (11264K)
 Metaspace       used 26760K, capacity 28329K, committed 28464K, reserved 1075200K
  class space    used 3250K, capacity 3550K, committed 3632K, reserved 1048576K
}
Event: 1,607 GC heap after
{Heap after GC invocations=4 (full 0):
 garbage-first heap   total 385024K, used 17593K [0x0000000649e00000, 0x0000000649f00bc0, 0x00000007c0000000)
  region size 1024K, 8 young (8192K), 8 survivors (8192K)
 Metaspace       used 26760K, capacity 28329K, committed 28464K, reserved 1075200K
  class space    used 3250K, capacity 3550K, committed 3632K, reserved 1048576K
}
Event: 2,121 GC heap before
{Heap before GC invocations=4 (full 0):
 garbage-first heap   total 385024K, used 107705K [0x0000000649e00000, 0x0000000649f00bc0, 0x00000007c0000000)
  region size 1024K, 96 young (98304K), 8 survivors (8192K)
 Metaspace       used 29336K, capacity 31319K, committed 31408K, reserved 1077248K
  class space    used 3626K, capacity 4007K, committed 4016K, reserved 1048576K
}

